lerna(verbose) GitUtilities.isInitialized    ()
lerna(verbose) GitUtilities.isInitialized    () => true
lerna(verbose) GitUtilities.getTopLevelDirectory()
lerna(verbose) GitUtilities.getTopLevelDirectory() => "/Users/james/code/fliphub"
lerna(verbose) FileSystemUtilities.existsSync("/Users/james/code/fliphub/lerna.json")
lerna(verbose) FileSystemUtilities.existsSync("/Users/james/code/fliphub/lerna.json") => true
lerna(verbose) FileSystemUtilities.readFileSync("/Users/james/code/fliphub/lerna.json")
lerna(verbose) FileSystemUtilities.readFileSync("/Users/james/code/fliphub/lerna.json") => "{\n  \"lerna\": \"2.0.0-beta.38\",\n  \"packages\": [\n    \"examples/monorepo/packages/*\",\n    \"examples/*\",\n    \"modules/*\",\n    \"modules-sub/*\",\n    \"packages/*\"\n  ],\n  \"npmClient\": \"npm\",\n  \"version\": \"independent\"\n}"
lerna(verbose) FileSystemUtilities.existsSync("/Users/james/code/fliphub/package.json")
lerna(verbose) FileSystemUtilities.existsSync("/Users/james/code/fliphub/package.json") => true
lerna(verbose) FileSystemUtilities.readFileSync("/Users/james/code/fliphub/package.json")
lerna(verbose) FileSystemUtilities.readFileSync("/Users/james/code/fliphub/package.json") => "{\n  \"name\": \"fliphub-monorepo\",\n  \"version\": \"0.1.2\",\n  \"description\": \"the builder of builders\",\n  \"main\": \"src/index.js\",\n  \"scripts\": {\n    \"tsc\": \"tsc\",\n    \"gulp\": \"gulp\",\n    \"test\": \"cd packages/fliphub2 && npm run test\",\n    \"clean\": \"rm -rf node_modules && lerna exec -- rm -rf node_modules\",\n    \"changelog\": \"changelog mozilla-neutrino/neutrino-dev all --markdown > CHANGELOG.md\",\n    \"bootstrapl\": \"lerna bootstrap\",\n    \"bootstrap\": \"oao bootstrap\",\n    \"deps:add\": \"oao add\",\n    \"deps:remove\": \"oao remove\",\n    \"deps:upgrade\": \"oao upgrade\",\n    \"deps:clean\": \"oao clean\",\n    \"postinstall\": \"lerna bootstrap\"\n  },\n  \"directories\": {\n    \"fliphub\": \"packages/fliphub\",\n    \"cli\": \"packages/fliphub-cli\",\n    \"chain\": \"packages/fliphub-chain\",\n    \"cli-inferno\": \"packages/fliphub-cli-inferno\",\n    \"helpers\": \"packages/helpers\",\n    \"examples\": \"packages/examples\",\n    \"docs\": \"docs\",\n    \"packages\": \"packages\",\n    \"modules-sub\": \"modules-sub\",\n    \"modules\": \"modules\"\n  },\n  \"files\": [\n    \"packages\",\n    \"modules\",\n    \"modules-sub\",\n    \"docs\"\n  ],\n  \"engines\": {\n    \"node\": \">= 7.7.2\",\n    \"npm\": \">= 4.1.2\"\n  },\n  \"optionalDependencies\": {\n    \"@types/atom\": \"0.0.36\",\n    \"@types/atom-keymap\": \"^5.1.29\",\n    \"@types/node\": \"^7.0.8\",\n    \"babel-core\": \"^6.24.0\",\n    \"babel-eslint\": \"^7.2.0\",\n    \"babel-register\": \"^6.24.0\",\n    \"tslint-eslint-rules\": \"^3.4.0\",\n    \"typescript\": \"^2.2.1\",\n    \"typescript-eslint-parser\": \"^2.0.0\"\n  },\n  \"devDependencies\": {\n    \"eslint\": \"^3.16.1\",\n    \"eslint-config-aretecode\": \"1.0.4-alpha.17585ee1\",\n    \"flow-bin\": \"^0.42.0\",\n    \"flowtype\": \"^2.0.0\",\n    \"inquirer\": \"3.0.6\",\n    \"lerna\": \"2.0.0-beta.38\",\n    \"oao\": \"^0.7.3\"\n  },\n  \"keywords\": [\n    \"builder\",\n    \"app-builder\",\n    \"bundler\",\n    \"fusebox\",\n    \"fuse-box\",\n    \"webpack\",\n    \"fliphub\",\n    \"flipbox\",\n    \"inferno\",\n    \"cli\"\n  ],\n  \"author\": \"James <aretecode@gmail.com>\",\n  \"homepage\": \"https://github.com/fliphub/fliphub#readme\",\n  \"repository\": {\n    \"type\": \"git\",\n    \"url\": \"git+https://github.com/fliphub/fliphub.git\"\n  },\n  \"bugs\": {\n    \"url\": \"https://github.com/fliphub/fliphub/issues\"\n  },\n  \"dependencies\": {\n    \"mahna\": \"*\"\n  }\n}"
lerna(info)    Lerna v2.0.0-beta.38
lerna(info)    Independent Versioning Mode
lerna(verbose) FileSystemUtilities.existsSync("/Users/james/code/fliphub/package.json")
lerna(verbose) FileSystemUtilities.existsSync("/Users/james/code/fliphub/package.json") => true
lerna(verbose) FileSystemUtilities.existsSync("/Users/james/code/fliphub/lerna.json")
lerna(verbose) FileSystemUtilities.existsSync("/Users/james/code/fliphub/lerna.json") => true
lerna(verbose) FileSystemUtilities.existsSync("/Users/james/code/fliphub/VERSION")
lerna(verbose) FileSystemUtilities.existsSync("/Users/james/code/fliphub/VERSION") => false
lerna(verbose) FileSystemUtilities.existsSync("/Users/james/code/fliphub/examples/monorepo/packages/fakeIt/package.json")
lerna(verbose) FileSystemUtilities.existsSync("/Users/james/code/fliphub/examples/monorepo/packages/fakeIt/package.json") => true
lerna(verbose) FileSystemUtilities.existsSync("/Users/james/code/fliphub/examples/canadas/package.json")
lerna(verbose) FileSystemUtilities.existsSync("/Users/james/code/fliphub/examples/canadas/package.json") => true
lerna(verbose) FileSystemUtilities.existsSync("/Users/james/code/fliphub/examples/empty/package.json")
lerna(verbose) FileSystemUtilities.existsSync("/Users/james/code/fliphub/examples/empty/package.json") => true
lerna(verbose) FileSystemUtilities.existsSync("/Users/james/code/fliphub/examples/monorepo/package.json")
lerna(verbose) FileSystemUtilities.existsSync("/Users/james/code/fliphub/examples/monorepo/package.json") => true
lerna(verbose) FileSystemUtilities.existsSync("/Users/james/code/fliphub/examples/node/package.json")
lerna(verbose) FileSystemUtilities.existsSync("/Users/james/code/fliphub/examples/node/package.json") => true
lerna(verbose) FileSystemUtilities.existsSync("/Users/james/code/fliphub/examples/react/package.json")
lerna(verbose) FileSystemUtilities.existsSync("/Users/james/code/fliphub/examples/react/package.json") => true
lerna(verbose) FileSystemUtilities.existsSync("/Users/james/code/fliphub/modules/arr-to-obj/package.json")
lerna(verbose) FileSystemUtilities.existsSync("/Users/james/code/fliphub/modules/arr-to-obj/package.json") => true
lerna(verbose) FileSystemUtilities.existsSync("/Users/james/code/fliphub/modules/deep-replace/package.json")
lerna(verbose) FileSystemUtilities.existsSync("/Users/james/code/fliphub/modules/deep-replace/package.json") => true
lerna(verbose) FileSystemUtilities.existsSync("/Users/james/code/fliphub/modules/depflip/package.json")
lerna(verbose) FileSystemUtilities.existsSync("/Users/james/code/fliphub/modules/depflip/package.json") => true
lerna(verbose) FileSystemUtilities.existsSync("/Users/james/code/fliphub/modules/does-include/package.json")
lerna(verbose) FileSystemUtilities.existsSync("/Users/james/code/fliphub/modules/does-include/package.json") => true
lerna(verbose) FileSystemUtilities.existsSync("/Users/james/code/fliphub/modules/emoji-by-name/package.json")
lerna(verbose) FileSystemUtilities.existsSync("/Users/james/code/fliphub/modules/emoji-by-name/package.json") => true
lerna(verbose) FileSystemUtilities.existsSync("/Users/james/code/fliphub/modules/es5exports/package.json")
lerna(verbose) FileSystemUtilities.existsSync("/Users/james/code/fliphub/modules/es5exports/package.json") => true
lerna(verbose) FileSystemUtilities.existsSync("/Users/james/code/fliphub/modules/expose-hidden/package.json")
lerna(verbose) FileSystemUtilities.existsSync("/Users/james/code/fliphub/modules/expose-hidden/package.json") => true
lerna(verbose) FileSystemUtilities.existsSync("/Users/james/code/fliphub/modules/flipchain/package.json")
lerna(verbose) FileSystemUtilities.existsSync("/Users/james/code/fliphub/modules/flipchain/package.json") => true
lerna(verbose) FileSystemUtilities.existsSync("/Users/james/code/fliphub/modules/flipfile/package.json")
lerna(verbose) FileSystemUtilities.existsSync("/Users/james/code/fliphub/modules/flipfile/package.json") => true
lerna(verbose) FileSystemUtilities.existsSync("/Users/james/code/fliphub/modules/flipflag/package.json")
lerna(verbose) FileSystemUtilities.existsSync("/Users/james/code/fliphub/modules/flipflag/package.json") => true
lerna(verbose) FileSystemUtilities.existsSync("/Users/james/code/fliphub/modules/fliphub-alias/package.json")
lerna(verbose) FileSystemUtilities.existsSync("/Users/james/code/fliphub/modules/fliphub-alias/package.json") => true
lerna(verbose) FileSystemUtilities.existsSync("/Users/james/code/fliphub/modules/fliphub-core/package.json")
lerna(verbose) FileSystemUtilities.existsSync("/Users/james/code/fliphub/modules/fliphub-core/package.json") => true
lerna(verbose) FileSystemUtilities.existsSync("/Users/james/code/fliphub/modules/fliphub-resolve/package.json")
lerna(verbose) FileSystemUtilities.existsSync("/Users/james/code/fliphub/modules/fliphub-resolve/package.json") => true
lerna(verbose) FileSystemUtilities.existsSync("./package.json")
lerna(verbose) FileSystemUtilities.existsSync("./package.json") => true
lerna(verbose) FileSystemUtilities.existsSync("/Users/james/code/fliphub/modules/fliptime/package.json")
lerna(verbose) FileSystemUtilities.existsSync("/Users/james/code/fliphub/modules/fliptime/package.json") => true
lerna(verbose) FileSystemUtilities.existsSync("/Users/james/code/fliphub/modules/fosho/package.json")
lerna(verbose) FileSystemUtilities.existsSync("/Users/james/code/fliphub/modules/fosho/package.json") => true
lerna(verbose) FileSystemUtilities.existsSync("/Users/james/code/fliphub/modules/html-plugin/package.json")
lerna(verbose) FileSystemUtilities.existsSync("/Users/james/code/fliphub/modules/html-plugin/package.json") => true
lerna(verbose) FileSystemUtilities.existsSync("/Users/james/code/fliphub/modules/insert-at-index/package.json")
lerna(verbose) FileSystemUtilities.existsSync("/Users/james/code/fliphub/modules/insert-at-index/package.json") => true
lerna(verbose) FileSystemUtilities.existsSync("/Users/james/code/fliphub/modules/inspector-gadget/package.json")
lerna(verbose) FileSystemUtilities.existsSync("/Users/james/code/fliphub/modules/inspector-gadget/package.json") => true
lerna(verbose) FileSystemUtilities.existsSync("/Users/james/code/fliphub/modules/izz/package.json")
lerna(verbose) FileSystemUtilities.existsSync("/Users/james/code/fliphub/modules/izz/package.json") => true
lerna(verbose) FileSystemUtilities.existsSync("/Users/james/code/fliphub/modules/mahna/package.json")
lerna(verbose) FileSystemUtilities.existsSync("/Users/james/code/fliphub/modules/mahna/package.json") => true
lerna(verbose) FileSystemUtilities.existsSync("/Users/james/code/fliphub/modules/mono-root/package.json")
lerna(verbose) FileSystemUtilities.existsSync("/Users/james/code/fliphub/modules/mono-root/package.json") => true
lerna(verbose) FileSystemUtilities.existsSync("/Users/james/code/fliphub/modules/neutrino-preset-happypack/package.json")
lerna(verbose) FileSystemUtilities.existsSync("/Users/james/code/fliphub/modules/neutrino-preset-happypack/package.json") => true
lerna(verbose) FileSystemUtilities.existsSync("/Users/james/code/fliphub/modules/regexes/package.json")
lerna(verbose) FileSystemUtilities.existsSync("/Users/james/code/fliphub/modules/regexes/package.json") => true
lerna(verbose) FileSystemUtilities.existsSync("/Users/james/code/fliphub/modules/remap-by/package.json")
lerna(verbose) FileSystemUtilities.existsSync("/Users/james/code/fliphub/modules/remap-by/package.json") => true
lerna(verbose) FileSystemUtilities.existsSync("/Users/james/code/fliphub/modules/sleepfor/package.json")
lerna(verbose) FileSystemUtilities.existsSync("/Users/james/code/fliphub/modules/sleepfor/package.json") => true
lerna(verbose) FileSystemUtilities.existsSync("/Users/james/code/fliphub/modules/tiny-promise-map/package.json")
lerna(verbose) FileSystemUtilities.existsSync("/Users/james/code/fliphub/modules/tiny-promise-map/package.json") => true
lerna(verbose) FileSystemUtilities.existsSync("/Users/james/code/fliphub/modules/to-arr/package.json")
lerna(verbose) FileSystemUtilities.existsSync("/Users/james/code/fliphub/modules/to-arr/package.json") => true
lerna(verbose) FileSystemUtilities.existsSync("/Users/james/code/fliphub/modules-sub/babel-loader-builder/package.json")
lerna(verbose) FileSystemUtilities.existsSync("/Users/james/code/fliphub/modules-sub/babel-loader-builder/package.json") => true
lerna(verbose) FileSystemUtilities.existsSync("/Users/james/code/fliphub/modules-sub/eslint-config-aretecode/package.json")
lerna(verbose) FileSystemUtilities.existsSync("/Users/james/code/fliphub/modules-sub/eslint-config-aretecode/package.json") => true
lerna(verbose) FileSystemUtilities.existsSync("/Users/james/code/fliphub/modules-sub/flip-neutrino/package.json")
lerna(verbose) FileSystemUtilities.existsSync("/Users/james/code/fliphub/modules-sub/flip-neutrino/package.json") => true
lerna(verbose) FileSystemUtilities.existsSync("/Users/james/code/fliphub/modules-sub/flip-webpack-chain/package.json")
lerna(verbose) FileSystemUtilities.existsSync("/Users/james/code/fliphub/modules-sub/flip-webpack-chain/package.json") => true
lerna(verbose) FileSystemUtilities.existsSync("/Users/james/code/fliphub/packages/fliphub-cli-inferno/package.json")
lerna(verbose) FileSystemUtilities.existsSync("/Users/james/code/fliphub/packages/fliphub-cli-inferno/package.json") => true
lerna(verbose) FileSystemUtilities.existsSync("/Users/james/code/fliphub/packages/fliphub-cli/package.json")
lerna(verbose) FileSystemUtilities.existsSync("/Users/james/code/fliphub/packages/fliphub-cli/package.json") => true
lerna(verbose) FileSystemUtilities.existsSync("/Users/james/code/fliphub/packages/fliphub-helpers/package.json")
lerna(verbose) FileSystemUtilities.existsSync("/Users/james/code/fliphub/packages/fliphub-helpers/package.json") => true
lerna(verbose) FileSystemUtilities.existsSync("/Users/james/code/fliphub/packages/fliphub/package.json")
lerna(verbose) FileSystemUtilities.existsSync("/Users/james/code/fliphub/packages/fliphub/package.json") => true
lerna(verbose) Attempting running BootstrapCommand.initialize
lerna(verbose) Successfully ran BootstrapCommand.initialize
lerna(verbose) Attempting running BootstrapCommand.execute
lerna(info)    Bootstrapping 42 packages
lerna(warn)    Encountered a cycle in the dependency graph. This may cause instability!
lerna(warn)    Encountered a cycle in the dependency graph. This may cause instability!
lerna(warn)    Encountered a cycle in the dependency graph. This may cause instability!
lerna(info)    Preinstalling packages
lerna(info)    Installing external dependencies
lerna(verbose) NpmUtilities.installInDir     ("/Users/james/code/fliphub/packages/fliphub", ["neutrino-middleware-progress@*"], {"client":"npm"})
lerna(verbose) FileSystemUtilities.rename    ("/Users/james/code/fliphub/packages/fliphub/package.json", "/Users/james/code/fliphub/packages/fliph...)
lerna(verbose) FileSystemUtilities.rename    ("/Users/james/code/fliphub/packages/fliphub/package.json", "/Users/james/code/fliphub/packages/fliph...) => 
lerna(verbose) FileSystemUtilities.writeFile ("/Users/james/code/fliphub/packages/fliphub/package.json", "{\"dependencies\":{\"neutrino-middleware...)
lerna(verbose) FileSystemUtilities.writeFile ("/Users/james/code/fliphub/packages/fliphub/package.json", "{\"dependencies\":{\"neutrino-middleware...) => 
lerna(verbose) FileSystemUtilities.renameSync("/Users/james/code/fliphub/packages/fliphub/package.json.lerna_backup", "/Users/james/code/fliphub/p...)
lerna(verbose) FileSystemUtilities.renameSync("/Users/james/code/fliphub/packages/fliphub/package.json.lerna_backup", "/Users/james/code/fliphub/p...) => 
lerna(error)   NpmUtilities.installInDir     ("/Users/james/code/fliphub/packages/fliphub", ["neutrino-middleware-progress@*"], {"client":"npm"})
    Command exited with status 1: npm install
lerna(error)   Errored while running BootstrapCommand.execute
